{"numFailedTestSuites":0,"numFailedTests":0,"numPassedTestSuites":8,"numPassedTests":44,"numPendingTestSuites":0,"numPendingTests":0,"numRuntimeErrorTestSuites":0,"numTodoTests":0,"numTotalTestSuites":8,"numTotalTests":44,"openHandles":[],"snapshot":{"added":0,"didUpdate":false,"failure":false,"filesAdded":0,"filesRemoved":0,"filesRemovedList":[],"filesUnmatched":0,"filesUpdated":0,"matched":0,"total":0,"unchecked":0,"uncheckedKeysByFile":[],"unmatched":0,"updated":0},"startTime":1774035340657,"success":true,"testResults":[{"assertionResults":[{"ancestorTitles":["useDevicesStore","fetchDevices"],"duration":46,"failureDetails":[],"failureMessages":[],"fullName":"useDevicesStore fetchDevices заполняет devices при успешном ответе","invocations":1,"location":null,"numPassingAsserts":4,"retryReasons":[],"status":"passed","title":"заполняет devices при успешном ответе"},{"ancestorTitles":["useDevicesStore","fetchDevices"],"duration":6,"failureDetails":[],"failureMessages":[],"fullName":"useDevicesStore fetchDevices устанавливает error при сетевой ошибке","invocations":1,"location":null,"numPassingAsserts":3,"retryReasons":[],"status":"passed","title":"устанавливает error при сетевой ошибке"},{"ancestorTitles":["useDevicesStore","sendCommand"],"duration":7,"failureDetails":[],"failureMessages":[],"fullName":"useDevicesStore sendCommand возвращает delivered:true если сервер подтвердил","invocations":1,"location":null,"numPassingAsserts":1,"retryReasons":[],"status":"passed","title":"возвращает delivered:true если сервер подтвердил"},{"ancestorTitles":["useDevicesStore","sendCommand"],"duration":6,"failureDetails":[],"failureMessages":[],"fullName":"useDevicesStore sendCommand передаёт delaySeconds в тело запроса","invocations":1,"location":null,"numPassingAsserts":1,"retryReasons":[],"status":"passed","title":"передаёт delaySeconds в тело запроса"},{"ancestorTitles":["useDevicesStore","deleteDevice"],"duration":5,"failureDetails":[],"failureMessages":[],"fullName":"useDevicesStore deleteDevice удаляет устройство из локального стора","invocations":1,"location":null,"numPassingAsserts":2,"retryReasons":[],"status":"passed","title":"удаляет устройство из локального стора"},{"ancestorTitles":["useDevicesStore","ActiveUser структура в Device"],"duration":7,"failureDetails":[],"failureMessages":[],"fullName":"useDevicesStore ActiveUser структура в Device device.activeUsers корректно принимает ActiveUser[]","invocations":1,"location":null,"numPassingAsserts":3,"retryReasons":[],"status":"passed","title":"device.activeUsers корректно принимает ActiveUser[]"}],"endTime":1774035342660,"message":"","name":"C:\\Users\\dmn\\Desktop\\DEV\\pc-remote\\apps\\mobile\\src\\__tests__\\devices-store.test.ts","startTime":1774035341065,"status":"passed","summary":""},{"assertionResults":[{"ancestorTitles":["useDevicesStore","fetchDevices"],"duration":136,"failureDetails":[],"failureMessages":[],"fullName":"useDevicesStore fetchDevices заполняет devices при успешном ответе","invocations":1,"location":null,"numPassingAsserts":4,"retryReasons":[],"status":"passed","title":"заполняет devices при успешном ответе"},{"ancestorTitles":["useDevicesStore","fetchDevices"],"duration":7,"failureDetails":[],"failureMessages":[],"fullName":"useDevicesStore fetchDevices устанавливает error при сетевой ошибке","invocations":1,"location":null,"numPassingAsserts":3,"retryReasons":[],"status":"passed","title":"устанавливает error при сетевой ошибке"},{"ancestorTitles":["useDevicesStore","sendCommand"],"duration":5,"failureDetails":[],"failureMessages":[],"fullName":"useDevicesStore sendCommand возвращает delivered:true если сервер подтвердил","invocations":1,"location":null,"numPassingAsserts":1,"retryReasons":[],"status":"passed","title":"возвращает delivered:true если сервер подтвердил"},{"ancestorTitles":["useDevicesStore","sendCommand"],"duration":9,"failureDetails":[],"failureMessages":[],"fullName":"useDevicesStore sendCommand передаёт delaySeconds в тело запроса","invocations":1,"location":null,"numPassingAsserts":1,"retryReasons":[],"status":"passed","title":"передаёт delaySeconds в тело запроса"},{"ancestorTitles":["useDevicesStore","deleteDevice"],"duration":6,"failureDetails":[],"failureMessages":[],"fullName":"useDevicesStore deleteDevice удаляет устройство из локального стора","invocations":1,"location":null,"numPassingAsserts":2,"retryReasons":[],"status":"passed","title":"удаляет устройство из локального стора"},{"ancestorTitles":["useDevicesStore","ActiveUser структура в Device"],"duration":8,"failureDetails":[],"failureMessages":[],"fullName":"useDevicesStore ActiveUser структура в Device device.activeUsers корректно принимает ActiveUser[]","invocations":1,"location":null,"numPassingAsserts":3,"retryReasons":[],"status":"passed","title":"device.activeUsers корректно принимает ActiveUser[]"}],"endTime":1774035343688,"message":"","name":"C:\\Users\\dmn\\Desktop\\DEV\\pc-remote\\apps\\mobile\\src\\__tests__\\devices-store.test.ts","startTime":1774035341714,"status":"passed","summary":""},{"assertionResults":[{"ancestorTitles":["useDevicesStore","fetchDevices"],"duration":131,"failureDetails":[],"failureMessages":[],"fullName":"useDevicesStore fetchDevices заполняет devices при успешном ответе","invocations":1,"location":null,"numPassingAsserts":4,"retryReasons":[],"status":"passed","title":"заполняет devices при успешном ответе"},{"ancestorTitles":["useDevicesStore","fetchDevices"],"duration":7,"failureDetails":[],"failureMessages":[],"fullName":"useDevicesStore fetchDevices устанавливает error при сетевой ошибке","invocations":1,"location":null,"numPassingAsserts":3,"retryReasons":[],"status":"passed","title":"устанавливает error при сетевой ошибке"},{"ancestorTitles":["useDevicesStore","sendCommand"],"duration":8,"failureDetails":[],"failureMessages":[],"fullName":"useDevicesStore sendCommand возвращает delivered:true если сервер подтвердил","invocations":1,"location":null,"numPassingAsserts":1,"retryReasons":[],"status":"passed","title":"возвращает delivered:true если сервер подтвердил"},{"ancestorTitles":["useDevicesStore","sendCommand"],"duration":8,"failureDetails":[],"failureMessages":[],"fullName":"useDevicesStore sendCommand передаёт delaySeconds в тело запроса","invocations":1,"location":null,"numPassingAsserts":1,"retryReasons":[],"status":"passed","title":"передаёт delaySeconds в тело запроса"},{"ancestorTitles":["useDevicesStore","deleteDevice"],"duration":7,"failureDetails":[],"failureMessages":[],"fullName":"useDevicesStore deleteDevice удаляет устройство из локального стора","invocations":1,"location":null,"numPassingAsserts":2,"retryReasons":[],"status":"passed","title":"удаляет устройство из локального стора"},{"ancestorTitles":["useDevicesStore","ActiveUser структура в Device"],"duration":7,"failureDetails":[],"failureMessages":[],"fullName":"useDevicesStore ActiveUser структура в Device device.activeUsers корректно принимает ActiveUser[]","invocations":1,"location":null,"numPassingAsserts":3,"retryReasons":[],"status":"passed","title":"device.activeUsers корректно принимает ActiveUser[]"}],"endTime":1774035343696,"message":"","name":"C:\\Users\\dmn\\Desktop\\DEV\\pc-remote\\apps\\mobile\\src\\__tests__\\devices-store.test.ts","startTime":1774035341745,"status":"passed","summary":""},{"assertionResults":[{"ancestorTitles":["setServerUrl"],"duration":16,"failureDetails":[],"failureMessages":[],"fullName":"setServerUrl убирает trailing slash из URL","invocations":1,"location":null,"numPassingAsserts":1,"retryReasons":[],"status":"passed","title":"убирает trailing slash из URL"},{"ancestorTitles":["setServerUrl"],"duration":1,"failureDetails":[],"failureMessages":[],"fullName":"setServerUrl сохраняет URL в SecureStore","invocations":1,"location":null,"numPassingAsserts":1,"retryReasons":[],"status":"passed","title":"сохраняет URL в SecureStore"},{"ancestorTitles":["setServerUrl"],"duration":1,"failureDetails":[],"failureMessages":[],"fullName":"setServerUrl обновляет baseURL у axios инстанса","invocations":1,"location":null,"numPassingAsserts":1,"retryReasons":[],"status":"passed","title":"обновляет baseURL у axios инстанса"},{"ancestorTitles":["loadServerUrl"],"duration":3,"failureDetails":[],"failureMessages":[],"fullName":"loadServerUrl восстанавливает URL из SecureStore при старте","invocations":1,"location":null,"numPassingAsserts":1,"retryReasons":[],"status":"passed","title":"восстанавливает URL из SecureStore при старте"},{"ancestorTitles":["loadServerUrl"],"duration":0,"failureDetails":[],"failureMessages":[],"fullName":"loadServerUrl оставляет дефолтный URL если в SecureStore ничего нет","invocations":1,"location":null,"numPassingAsserts":1,"retryReasons":[],"status":"passed","title":"оставляет дефолтный URL если в SecureStore ничего нет"}],"endTime":1774035344357,"message":"","name":"C:\\Users\\dmn\\Desktop\\DEV\\pc-remote\\apps\\mobile\\src\\__tests__\\client.test.ts","startTime":1774035342773,"status":"passed","summary":""},{"assertionResults":[{"ancestorTitles":["setServerUrl"],"duration":3,"failureDetails":[],"failureMessages":[],"fullName":"setServerUrl убирает trailing slash из URL","invocations":1,"location":null,"numPassingAsserts":1,"retryReasons":[],"status":"passed","title":"убирает trailing slash из URL"},{"ancestorTitles":["setServerUrl"],"duration":1,"failureDetails":[],"failureMessages":[],"fullName":"setServerUrl сохраняет URL в SecureStore","invocations":1,"location":null,"numPassingAsserts":1,"retryReasons":[],"status":"passed","title":"сохраняет URL в SecureStore"},{"ancestorTitles":["setServerUrl"],"duration":0,"failureDetails":[],"failureMessages":[],"fullName":"setServerUrl обновляет baseURL у axios инстанса","invocations":1,"location":null,"numPassingAsserts":1,"retryReasons":[],"status":"passed","title":"обновляет baseURL у axios инстанса"},{"ancestorTitles":["loadServerUrl"],"duration":1,"failureDetails":[],"failureMessages":[],"fullName":"loadServerUrl восстанавливает URL из SecureStore при старте","invocations":1,"location":null,"numPassingAsserts":1,"retryReasons":[],"status":"passed","title":"восстанавливает URL из SecureStore при старте"},{"ancestorTitles":["loadServerUrl"],"duration":1,"failureDetails":[],"failureMessages":[],"fullName":"loadServerUrl оставляет дефолтный URL если в SecureStore ничего нет","invocations":1,"location":null,"numPassingAsserts":1,"retryReasons":[],"status":"passed","title":"оставляет дефолтный URL если в SecureStore ничего нет"}],"endTime":1774035344517,"message":"","name":"C:\\Users\\dmn\\Desktop\\DEV\\pc-remote\\apps\\mobile\\src\\__tests__\\client.test.ts","startTime":1774035343738,"status":"passed","summary":""},{"assertionResults":[{"ancestorTitles":["setServerUrl"],"duration":1,"failureDetails":[],"failureMessages":[],"fullName":"setServerUrl убирает trailing slash из URL","invocations":1,"location":null,"numPassingAsserts":1,"retryReasons":[],"status":"passed","title":"убирает trailing slash из URL"},{"ancestorTitles":["setServerUrl"],"duration":1,"failureDetails":[],"failureMessages":[],"fullName":"setServerUrl сохраняет URL в SecureStore","invocations":1,"location":null,"numPassingAsserts":1,"retryReasons":[],"status":"passed","title":"сохраняет URL в SecureStore"},{"ancestorTitles":["setServerUrl"],"duration":1,"failureDetails":[],"failureMessages":[],"fullName":"setServerUrl обновляет baseURL у axios инстанса","invocations":1,"location":null,"numPassingAsserts":1,"retryReasons":[],"status":"passed","title":"обновляет baseURL у axios инстанса"},{"ancestorTitles":["loadServerUrl"],"duration":1,"failureDetails":[],"failureMessages":[],"fullName":"loadServerUrl восстанавливает URL из SecureStore при старте","invocations":1,"location":null,"numPassingAsserts":1,"retryReasons":[],"status":"passed","title":"восстанавливает URL из SecureStore при старте"},{"ancestorTitles":["loadServerUrl"],"duration":0,"failureDetails":[],"failureMessages":[],"fullName":"loadServerUrl оставляет дефолтный URL если в SecureStore ничего нет","invocations":1,"location":null,"numPassingAsserts":1,"retryReasons":[],"status":"passed","title":"оставляет дефолтный URL если в SecureStore ничего нет"}],"endTime":1774035344698,"message":"","name":"C:\\Users\\dmn\\Desktop\\DEV\\pc-remote\\apps\\mobile\\src\\__tests__\\client.test.ts","startTime":1774035343695,"status":"passed","summary":""},{"assertionResults":[{"ancestorTitles":["useDevicesStore","fetchDevices"],"duration":11,"failureDetails":[],"failureMessages":[],"fullName":"useDevicesStore fetchDevices заполняет devices при успешном ответе","invocations":1,"location":null,"numPassingAsserts":4,"retryReasons":[],"status":"passed","title":"заполняет devices при успешном ответе"},{"ancestorTitles":["useDevicesStore","fetchDevices"],"duration":6,"failureDetails":[],"failureMessages":[],"fullName":"useDevicesStore fetchDevices устанавливает error при сетевой ошибке","invocations":1,"location":null,"numPassingAsserts":3,"retryReasons":[],"status":"passed","title":"устанавливает error при сетевой ошибке"},{"ancestorTitles":["useDevicesStore","sendCommand"],"duration":4,"failureDetails":[],"failureMessages":[],"fullName":"useDevicesStore sendCommand возвращает delivered:true если сервер подтвердил","invocations":1,"location":null,"numPassingAsserts":1,"retryReasons":[],"status":"passed","title":"возвращает delivered:true если сервер подтвердил"},{"ancestorTitles":["useDevicesStore","sendCommand"],"duration":4,"failureDetails":[],"failureMessages":[],"fullName":"useDevicesStore sendCommand передаёт delaySeconds в тело запроса","invocations":1,"location":null,"numPassingAsserts":1,"retryReasons":[],"status":"passed","title":"передаёт delaySeconds в тело запроса"},{"ancestorTitles":["useDevicesStore","deleteDevice"],"duration":5,"failureDetails":[],"failureMessages":[],"fullName":"useDevicesStore deleteDevice удаляет устройство из локального стора","invocations":1,"location":null,"numPassingAsserts":2,"retryReasons":[],"status":"passed","title":"удаляет устройство из локального стора"},{"ancestorTitles":["useDevicesStore","ActiveUser структура в Device"],"duration":5,"failureDetails":[],"failureMessages":[],"fullName":"useDevicesStore ActiveUser структура в Device device.activeUsers корректно принимает ActiveUser[]","invocations":1,"location":null,"numPassingAsserts":3,"retryReasons":[],"status":"passed","title":"device.activeUsers корректно принимает ActiveUser[]"}],"endTime":1774035345575,"message":"","name":"C:\\Users\\dmn\\Desktop\\DEV\\pc-remote\\apps\\mobile\\src\\__tests__\\devices-store.test.ts","startTime":1774035345257,"status":"passed","summary":""},{"assertionResults":[{"ancestorTitles":["setServerUrl"],"duration":0,"failureDetails":[],"failureMessages":[],"fullName":"setServerUrl убирает trailing slash из URL","invocations":1,"location":null,"numPassingAsserts":1,"retryReasons":[],"status":"passed","title":"убирает trailing slash из URL"},{"ancestorTitles":["setServerUrl"],"duration":0,"failureDetails":[],"failureMessages":[],"fullName":"setServerUrl сохраняет URL в SecureStore","invocations":1,"location":null,"numPassingAsserts":1,"retryReasons":[],"status":"passed","title":"сохраняет URL в SecureStore"},{"ancestorTitles":["setServerUrl"],"duration":0,"failureDetails":[],"failureMessages":[],"fullName":"setServerUrl обновляет baseURL у axios инстанса","invocations":1,"location":null,"numPassingAsserts":1,"retryReasons":[],"status":"passed","title":"обновляет baseURL у axios инстанса"},{"ancestorTitles":["loadServerUrl"],"duration":1,"failureDetails":[],"failureMessages":[],"fullName":"loadServerUrl восстанавливает URL из SecureStore при старте","invocations":1,"location":null,"numPassingAsserts":1,"retryReasons":[],"status":"passed","title":"восстанавливает URL из SecureStore при старте"},{"ancestorTitles":["loadServerUrl"],"duration":0,"failureDetails":[],"failureMessages":[],"fullName":"loadServerUrl оставляет дефолтный URL если в SecureStore ничего нет","invocations":1,"location":null,"numPassingAsserts":1,"retryReasons":[],"status":"passed","title":"оставляет дефолтный URL если в SecureStore ничего нет"}],"endTime":1774035345618,"message":"","name":"C:\\Users\\dmn\\Desktop\\DEV\\pc-remote\\apps\\mobile\\src\\__tests__\\client.test.ts","startTime":1774035345324,"status":"passed","summary":""}],"wasInterrupted":false}
